sample.interval=20000
"readLines" "readOutput" "aprof" 
"readLines" "readOutput" "aprof" 
"readLines" "readOutput" "aprof" 
"strsplit" "FUN" "lapply" "sapply" "readOutput" "aprof" 
"lapply" "sapply" "readOutput" "aprof" 
"strsplit" "FUN" "lapply" "sapply" "readOutput" "aprof" 
"strsplit" "FUN" "lapply" "sapply" "readOutput" "aprof" 
"strsplit" "FUN" "lapply" "sapply" "readOutput" "aprof" 
"strsplit" "FUN" "lapply" "sapply" "readOutput" "aprof" 
"gsub" "rev" "FUN" "lapply" "sapply" "readOutput" "aprof" 
"gsub" "rev" "FUN" "lapply" "sapply" "readOutput" "aprof" 
"gsub" "rev" "FUN" "lapply" "sapply" "readOutput" "aprof" 
"gsub" "rev" "FUN" "lapply" "sapply" "readOutput" "aprof" 
"gsub" "rev" "FUN" "lapply" "sapply" "readOutput" "aprof" 
"as.character" "gsub" "rev" "FUN" "lapply" "sapply" "readOutput" "aprof" 
"grep" "FUN" "lapply" "sapply" "readLineDensity" "print.aprof" "<Anonymous>" 
"length" "FUN" "lapply" "sapply" "readLineDensity" "print.aprof" "<Anonymous>" 
"unique" "simplify2array" "sapply" "readLineDensity" "print.aprof" "<Anonymous>" 
"gsub" "FUN" "lapply" "sapply" "readLineDensity" "print.aprof" "<Anonymous>" 
"gsub" "FUN" "lapply" "sapply" "readLineDensity" "print.aprof" "<Anonymous>" 
"gsub" "FUN" "lapply" "sapply" "readLineDensity" "print.aprof" "<Anonymous>" 
"gsub" "FUN" "lapply" "sapply" "readLineDensity" "print.aprof" "<Anonymous>" 
"FUN" "lapply" "sapply" "unlist" "readLineDensity" "print.aprof" "<Anonymous>" 
"paste" "grep" "FUN" "lapply" "sapply" "unlist" "readLineDensity" "print.aprof" "<Anonymous>" 
"lapply" "sapply" "unique" "readLineDensity" "print.aprof" "<Anonymous>" 
"FUN" "lapply" "sapply" "unlist" "table" "readLineDensity" "print.aprof" "<Anonymous>" 
"readLines" "plot.aprof" "plot" "standardGeneric" "plot" 
"grep" "FUN" "lapply" "sapply" "readLineDensity" "plot.aprof" "plot" "standardGeneric" "plot" 
"grep" "FUN" "lapply" "sapply" "readLineDensity" "plot.aprof" "plot" "standardGeneric" "plot" 
"grep" "FUN" "lapply" "sapply" "readLineDensity" "plot.aprof" "plot" "standardGeneric" "plot" 
"gsub" "FUN" "lapply" "sapply" "readLineDensity" "plot.aprof" "plot" "standardGeneric" "plot" 
"gsub" "FUN" "lapply" "sapply" "readLineDensity" "plot.aprof" "plot" "standardGeneric" "plot" 
"gsub" "FUN" "lapply" "sapply" "readLineDensity" "plot.aprof" "plot" "standardGeneric" "plot" 
"gsub" "FUN" "lapply" "sapply" "readLineDensity" "plot.aprof" "plot" "standardGeneric" "plot" 
"paste" "grep" "FUN" "lapply" "sapply" "unlist" "readLineDensity" "plot.aprof" "plot" "standardGeneric" "plot" 
"grep" "FUN" "lapply" "sapply" "unlist" "readLineDensity" "plot.aprof" "plot" "standardGeneric" "plot" 
"grep" "FUN" "lapply" "sapply" "unlist" "readLineDensity" "plot.aprof" "plot" "standardGeneric" "plot" 
"FUN" "lapply" "sapply" "unlist" "table" "readLineDensity" "plot.aprof" "plot" "standardGeneric" "plot" 
"get" "check.options" "<Anonymous>" ".External.graphics" "<Anonymous>" "plot.aprof" "plot" "standardGeneric" "plot" 
"gsub" "FUN" "lapply" "sapply" "PlotSourceCode" "plot.aprof" "plot" "standardGeneric" "plot" 
"FUN" "lapply" "sapply" "PlotSourceCode" "plot.aprof" "plot" "standardGeneric" "plot" 
"text.default" "<Anonymous>" "PlotSourceCode" "plot.aprof" "plot" "standardGeneric" "plot" 
"text.default" "<Anonymous>" "PlotSourceCode" "plot.aprof" "plot" "standardGeneric" "plot" 
".External" "dev.flush" "plot.default" "<Anonymous>" "plot.aprof" "plot" "standardGeneric" "plot" 
"<Anonymous>" "plot.aprof" "plot" "standardGeneric" "plot" 
"plot.xy" "points.default" "<Anonymous>" "plot.aprof" "plot" "standardGeneric" "plot" 
"grep" "FUN" "lapply" "sapply" "readLineDensity" "summary.aprof" "summary" "standardGeneric" "summary" 
"grep" "FUN" "lapply" "sapply" "readLineDensity" "summary.aprof" "summary" "standardGeneric" "summary" 
"grep" "FUN" "lapply" "sapply" "readLineDensity" "summary.aprof" "summary" "standardGeneric" "summary" 
"gsub" "FUN" "lapply" "sapply" "readLineDensity" "summary.aprof" "summary" "standardGeneric" "summary" 
"gsub" "FUN" "lapply" "sapply" "readLineDensity" "summary.aprof" "summary" "standardGeneric" "summary" 
"gsub" "FUN" "lapply" "sapply" "readLineDensity" "summary.aprof" "summary" "standardGeneric" "summary" 
"gsub" "FUN" "lapply" "sapply" "readLineDensity" "summary.aprof" "summary" "standardGeneric" "summary" 
"paste" "grep" "FUN" "lapply" "sapply" "unlist" "readLineDensity" "summary.aprof" "summary" "standardGeneric" "summary" 
"paste" "grep" "FUN" "lapply" "sapply" "unlist" "readLineDensity" "summary.aprof" "summary" "standardGeneric" "summary" 
"grep" "FUN" "lapply" "sapply" "unlist" "readLineDensity" "summary.aprof" "summary" "standardGeneric" "summary" 
"lapply" "sapply" "unique" "readLineDensity" "summary.aprof" "summary" "standardGeneric" "summary" 
"is.factor" "unique.default" "FUN" "lapply" "sapply" "unlist" "table" "readLineDensity" "summary.aprof" "summary" "standardGeneric" "summary" 
"readLines" "plot.aprof" "plot" "standardGeneric" "plot" 
"grep" "FUN" "lapply" "sapply" "readLineDensity" "plot.aprof" "plot" "standardGeneric" "plot" 
"grep" "FUN" "lapply" "sapply" "readLineDensity" "plot.aprof" "plot" "standardGeneric" "plot" 
"grep" "FUN" "lapply" "sapply" "readLineDensity" "plot.aprof" "plot" "standardGeneric" "plot" 
"gsub" "FUN" "lapply" "sapply" "readLineDensity" "plot.aprof" "plot" "standardGeneric" "plot" 
"gsub" "FUN" "lapply" "sapply" "readLineDensity" "plot.aprof" "plot" "standardGeneric" "plot" 
"gsub" "FUN" "lapply" "sapply" "readLineDensity" "plot.aprof" "plot" "standardGeneric" "plot" 
"gsub" "FUN" "lapply" "sapply" "readLineDensity" "plot.aprof" "plot" "standardGeneric" "plot" 
"FUN" "lapply" "sapply" "unlist" "readLineDensity" "plot.aprof" "plot" "standardGeneric" "plot" 
"grep" "FUN" "lapply" "sapply" "unlist" "readLineDensity" "plot.aprof" "plot" "standardGeneric" "plot" 
"grep" "FUN" "lapply" "sapply" "unlist" "readLineDensity" "plot.aprof" "plot" "standardGeneric" "plot" 
"unique.default" "FUN" "lapply" "sapply" "unlist" "table" "readLineDensity" "plot.aprof" "plot" "standardGeneric" "plot" 
"lapply" "sapply" "unlist" "table" "readLineDensity" "plot.aprof" "plot" "standardGeneric" "plot" 
".External" "dev.flush" "plot.default" "<Anonymous>" "plot.aprof" "plot" "standardGeneric" "plot" 
"int_abline" "<Anonymous>" "PlotSourceCode" "plot.aprof" "plot" "standardGeneric" "plot" 
"FUN" "lapply" "sapply" "PlotSourceCode" "plot.aprof" "plot" "standardGeneric" "plot" 
"text.default" "<Anonymous>" "PlotSourceCode" "plot.aprof" "plot" "standardGeneric" "plot" 
"text.default" "<Anonymous>" "PlotSourceCode" "plot.aprof" "plot" "standardGeneric" "plot" 
"int_abline" "<Anonymous>" "plot.aprof" "plot" "standardGeneric" "plot" 
"plot.xy" "points.default" "<Anonymous>" "plot.aprof" "plot" "standardGeneric" "plot" 
